<?xml version="1.0" encoding="UTF-8"?>
<!-- Generated by org.testng.reporters.JUnitXMLReporter -->
<testsuite ignored="0" hostname="DESKTOP-FSVVOQQ" failures="1" tests="1" name="Test" time="225.868" errors="0" timestamp="2021-09-07T00:18:25 PDT">
  <testcase classname="com.delo.accounts.CreateLeadsTest" name="leads" time="225.681">
    <failure type="java.lang.NullPointerException" message="Cannot invoke &amp;quot;org.apache.poi.ss.usermodel.Sheet.getRow(int)&amp;quot; because the return value of &amp;quot;org.apache.poi.ss.usermodel.Workbook.getSheet(String)&amp;quot; is null">
      <![CDATA[java.lang.NullPointerException: Cannot invoke "org.apache.poi.ss.usermodel.Sheet.getRow(int)" because the return value of "org.apache.poi.ss.usermodel.Workbook.getSheet(String)" is null
at com.delo.genericLib.FileLib.readExcelData(FileLib.java:45)
at com.delo.accounts.CreateLeadsTest.leads(CreateLeadsTest.java:43)
at java.base/java.util.ArrayList.forEach(ArrayList.java:1511)
... Removed 30 stack frames]]>
    </failure>
  </testcase> <!-- leads -->
</testsuite> <!-- Test -->
