-------------------------------------------------------------------------------
Test set: TestSuite
-------------------------------------------------------------------------------
Tests run: 1, Failures: 1, Errors: 0, Skipped: 0, Time elapsed: 232.421 sec <<< FAILURE! - in TestSuite
leads(com.delo.accounts.CreateLeadsTest)  Time elapsed: 226.199 sec  <<< FAILURE!
java.lang.NullPointerException: Cannot invoke "org.apache.poi.ss.usermodel.Sheet.getRow(int)" because the return value of "org.apache.poi.ss.usermodel.Workbook.getSheet(String)" is null
	at com.delo.accounts.CreateLeadsTest.leads(CreateLeadsTest.java:43)

